{"level":"info","message":"Hi from the repo","service":"therepo-api"}
{"level":"info","message":"::1 - - [05/Jun/2026:13:00:58 +0000] \"GET / HTTP/1.1\" 304 - \"-\" \"Mozilla/5.0 (Windows NT 10.0; Win64; x64) AppleWebKit/537.36 (KHTML, like Gecko) Code/1.120.0 Chrome/142.0.7444.265 Electron/39.8.8 Safari/537.36\"","service":"therepo-api"}
{"level":"info","message":"Hi from the repo","service":"therepo-api"}
{"level":"info","message":"::1 - - [05/Jun/2026:13:01:00 +0000] \"GET / HTTP/1.1\" 304 - \"-\" \"Mozilla/5.0 (Windows NT 10.0; Win64; x64) AppleWebKit/537.36 (KHTML, like Gecko) Code/1.120.0 Chrome/142.0.7444.265 Electron/39.8.8 Safari/537.36\"","service":"therepo-api"}
{"level":"info","message":"Hi from the repo","service":"therepo-api"}
{"level":"info","message":"::1 - - [05/Jun/2026:13:10:22 +0000] \"GET / HTTP/1.1\" 304 - \"-\" \"Mozilla/5.0 (Windows NT 10.0; Win64; x64) AppleWebKit/537.36 (KHTML, like Gecko) Code/1.120.0 Chrome/142.0.7444.265 Electron/39.8.8 Safari/537.36\"","service":"therepo-api"}
{"level":"info","message":"::1 - - [05/Jun/2026:13:10:30 +0000] \"GET /sign-up HTTP/1.1\" 404 146 \"-\" \"Mozilla/5.0 (Windows NT 10.0; Win64; x64) AppleWebKit/537.36 (KHTML, like Gecko) Code/1.120.0 Chrome/142.0.7444.265 Electron/39.8.8 Safari/537.36\"","service":"therepo-api"}
{"level":"info","message":"::1 - - [05/Jun/2026:13:14:13 +0000] \"GET /health HTTP/1.1\" 200 73 \"-\" \"Mozilla/5.0 (Windows NT 10.0; Win64; x64) AppleWebKit/537.36 (KHTML, like Gecko) Code/1.120.0 Chrome/142.0.7444.265 Electron/39.8.8 Safari/537.36\"","service":"therepo-api"}
{"level":"info","message":"::1 - - [05/Jun/2026:13:14:22 +0000] \"GET /api HTTP/1.1\" 200 37 \"-\" \"Mozilla/5.0 (Windows NT 10.0; Win64; x64) AppleWebKit/537.36 (KHTML, like Gecko) Code/1.120.0 Chrome/142.0.7444.265 Electron/39.8.8 Safari/537.36\"","service":"therepo-api"}
{"level":"info","message":"::1 - - [05/Jun/2026:13:16:25 +0000] \"POST /sign-up HTTP/1.1\" 404 147 \"-\" \"PostmanRuntime/7.49.1\"","service":"therepo-api"}
{"level":"info","message":"::1 - - [05/Jun/2026:13:16:51 +0000] \"POST /api/auth/sign-up HTTP/1.1\" 200 31 \"-\" \"PostmanRuntime/7.49.1\"","service":"therepo-api"}
{"level":"info","message":"::1 - - [05/Jun/2026:13:38:16 +0000] \"POST /api/auth/sign-up HTTP/1.1\" 400 92 \"-\" \"PostmanRuntime/7.49.1\"","service":"therepo-api"}
{"level":"info","message":"::1 - - [05/Jun/2026:13:41:07 +0000] \"POST /api/auth/sign-up HTTP/1.1\" 400 92 \"-\" \"PostmanRuntime/7.49.1\"","service":"therepo-api"}
{"level":"info","message":"::1 - - [05/Jun/2026:13:41:39 +0000] \"POST /api/auth/sign-up HTTP/1.1\" 400 92 \"-\" \"PostmanRuntime/7.49.1\"","service":"therepo-api"}
{"level":"info","message":"::1 - - [05/Jun/2026:13:43:19 +0000] \"POST /api/auth/sign-up HTTP/1.1\" 400 92 \"-\" \"PostmanRuntime/7.49.1\"","service":"therepo-api"}
{"level":"info","message":"::1 - - [05/Jun/2026:13:44:59 +0000] \"POST /api/auth/sign-up HTTP/1.1\" 400 92 \"-\" \"PostmanRuntime/7.49.1\"","service":"therepo-api"}
{"level":"info","message":"::1 - - [05/Jun/2026:13:50:45 +0000] \"POST /auth/api/signup HTTP/1.1\" 404 155 \"-\" \"HTTPie\"","service":"therepo-api"}
{"level":"info","message":"::1 - - [05/Jun/2026:13:50:51 +0000] \"POST /auth/api/sign-up HTTP/1.1\" 404 156 \"-\" \"HTTPie\"","service":"therepo-api"}
{"level":"info","message":"::1 - - [05/Jun/2026:13:51:10 +0000] \"POST /api/auth/sign-up HTTP/1.1\" 400 92 \"-\" \"HTTPie\"","service":"therepo-api"}
{"level":"info","message":"::1 - - [05/Jun/2026:13:51:38 +0000] \"POST /api/auth/sign-up HTTP/1.1\" 500 1376 \"-\" \"HTTPie\"","service":"therepo-api"}
{"level":"info","message":"User registered successfully: pp@gmail.com","service":"therepo-api"}
{"level":"info","message":"::1 - - [05/Jun/2026:13:53:04 +0000] \"POST /api/auth/sign-up HTTP/1.1\" 201 98 \"-\" \"HTTPie\"","service":"therepo-api"}
{"level":"info","message":"User john.doe@example.com created successfully","service":"therepo-api"}
{"level":"info","message":"User registered successfully: john.doe@example.com","service":"therepo-api"}
{"level":"info","message":"::1 - - [05/Jun/2026:14:11:31 +0000] \"POST /api/auth/sign-up HTTP/1.1\" 201 108 \"-\" \"HTTPie\"","service":"therepo-api"}
{"level":"error","message":"Error creating the user: Error: Failed query: insert into \"users\" (\"id\", \"name\", \"email\", \"password\", \"role\", \"created_at\", \"updated_at\") values (default, $1, $2, $3, $4, default, default) returning \"id\", \"name\", \"email\", \"role\", \"created_at\"\nparams: John dogis,john.doe@example.com,$2b$10$eayRrsyMQh9BdgdUP2ZT7uYeD10ac1KMCKqgY8hRBCtFW2bpDLFBm,admin","service":"therepo-api"}
{"cause":{"code":"23505","constraint":"users_email_unique","detail":"Key (email)=(john.doe@example.com) already exists.","file":"nbtinsert.c","line":"667","name":"NeonDbError","routine":"_bt_check_unique","schema":"public","severity":"ERROR","table":"users"},"level":"error","message":"Signup error Failed query: insert into \"users\" (\"id\", \"name\", \"email\", \"password\", \"role\", \"created_at\", \"updated_at\") values (default, $1, $2, $3, $4, default, default) returning \"id\", \"name\", \"email\", \"role\", \"created_at\"\nparams: John dogis,john.doe@example.com,$2b$10$eayRrsyMQh9BdgdUP2ZT7uYeD10ac1KMCKqgY8hRBCtFW2bpDLFBm,admin","params":["John dogis","john.doe@example.com","$2b$10$eayRrsyMQh9BdgdUP2ZT7uYeD10ac1KMCKqgY8hRBCtFW2bpDLFBm","admin"],"query":"insert into \"users\" (\"id\", \"name\", \"email\", \"password\", \"role\", \"created_at\", \"updated_at\") values (default, $1, $2, $3, $4, default, default) returning \"id\", \"name\", \"email\", \"role\", \"created_at\"","service":"therepo-api","stack":"Error: Failed query: insert into \"users\" (\"id\", \"name\", \"email\", \"password\", \"role\", \"created_at\", \"updated_at\") values (default, $1, $2, $3, $4, default, default) returning \"id\", \"name\", \"email\", \"role\", \"created_at\"\nparams: John dogis,john.doe@example.com,$2b$10$eayRrsyMQh9BdgdUP2ZT7uYeD10ac1KMCKqgY8hRBCtFW2bpDLFBm,admin\n    at NeonHttpPreparedQuery.queryWithCache (file:///C:/Users/mrprp/OneDrive/Desktop/Dockertut/therepo/node_modules/drizzle-orm/pg-core/session.js:41:15)\n    at process.processTicksAndRejections (node:internal/process/task_queues:95:5)\n    at async NeonHttpPreparedQuery.execute (file:///C:/Users/mrprp/OneDrive/Desktop/Dockertut/therepo/node_modules/drizzle-orm/neon-http/session.js:45:20)\n    at async createUser (file:///C:/Users/mrprp/OneDrive/Desktop/Dockertut/therepo/src/services/auth.service.js:24:23)\n    at async signup (file:///C:/Users/mrprp/OneDrive/Desktop/Dockertut/therepo/src/controllers/auth.controller.js:24:18)"}
{"level":"info","message":"::1 - - [05/Jun/2026:14:12:06 +0000] \"POST /api/auth/sign-up HTTP/1.1\" 500 1280 \"-\" \"HTTPie\"","service":"therepo-api"}
{"level":"info","message":"User john.doe@exameeple.com created successfully","service":"therepo-api"}
{"level":"info","message":"User registered successfully: john.doe@exameeple.com","service":"therepo-api"}
{"level":"info","message":"::1 - - [05/Jun/2026:14:12:20 +0000] \"POST /api/auth/sign-up HTTP/1.1\" 201 113 \"-\" \"HTTPie\"","service":"therepo-api"}
